0 info it worked if it ends with ok
1 verbose cli [ 'C:\\Program Files\\nodejs\\node.exe',
1 verbose cli   'C:\\Program Files\\nodejs\\node_modules\\npm\\bin\\npm-cli.js',
1 verbose cli   'start' ]
2 info using npm@3.8.6
3 info using node@v6.0.0
4 verbose run-script [ 'prestart', 'start', 'poststart' ]
5 info lifecycle v24@0.0.0~prestart: v24@0.0.0
6 silly lifecycle v24@0.0.0~prestart: no script for prestart, continuing
7 info lifecycle v24@0.0.0~start: v24@0.0.0
8 verbose lifecycle v24@0.0.0~start: unsafe-perm in lifecycle true
9 verbose lifecycle v24@0.0.0~start: PATH: C:\Program Files\nodejs\node_modules\npm\bin\node-gyp-bin;C:\Users\B1ts\Desktop\dizainoKonkursuIS\v1upgradeTest\node_modules\.bin;C:\Program Files\nodejs;C:\Program Files (x86)\Python35-32\Scripts\;C:\Program Files (x86)\Python35-32\;C:\Program Files\Docker\Docker\Resources\bin;C:\Program Files (x86)\iis express\PHP\v5.4;C:\Program Files (x86)\PC Connectivity Solution\;C:\ProgramData\Oracle\Java\javapath;C:\WINDOWS\system32;C:\WINDOWS;C:\WINDOWS\System32\Wbem;C:\WINDOWS\System32\WindowsPowerShell\v1.0\;C:\Program Files (x86)\NVIDIA Corporation\PhysX\Common;C:\Program Files (x86)\GtkSharp\2.12\bin;C:\Program Files (x86)\Skype\Phone\;C:\WINDOWS\system32;C:\WINDOWS;C:\WINDOWS\System32\Wbem;C:\WINDOWS\System32\WindowsPowerShell\v1.0\;C:\Program Files\Microsoft SQL Server\130\Tools\Binn\;C:\Program Files\Microsoft SQL Server\120\Tools\Binn\;C:\Program Files (x86)\Windows Kits\10\Windows Performance Toolkit\;C:\Program Files (x86)\Microsoft SQL Server\110\Tools\Binn\;C:\Program Files\Microsoft SQL Server\110\Tools\Binn\;C:\Program Files\Microsoft SQL Server\110\DTS\Binn\;C:\Program Files (x86)\Calibre2\;C:\Program Files (x86)\Brackets\command;C:\Program Files (x86)\Microsoft SQL Server\Client SDK\ODBC\130\Tools\Binn\;C:\Program Files (x86)\Microsoft SQL Server\130;C:\Program Files (x86)\Microsoft SDKs\Azure\CLI\wbin;C:\Program Files\Microsoft Service Fabric\bin\Fabric\Fabric.Code;C:\Program Files\Microsoft SDKs\Service Fabric\Tools\ServiceFabricLocalClusterManager;C:\Program Files\MySQL\MySQL Server 5.1\bin;C:\Program Files (x86)\Microsoft SQL Server\110\DTS\Binn\;C:\Program Files (x86)\Microsoft SQL Server\120\DTS\Binn\;C:\Program Files (x86)\Microsoft SQL Server\130\DTS\Binn\;D:\Program Files (x86)\Heroku\bin;C:\Program Files (x86)\git\cmd;C:\Program Files\Git\cmd;C:\Program Files\Git\mingw64\bin;C:\Program Files\Git\usr\bin;C:\Program Files\nodejs\;D:\Ruby22-x64\bin;C:\Users\B1ts\.dnx\runtimes\dnx-clr-win-x64.1.0.0-rc1-update2\bin;C:\Users\B1ts\.dnx\bin;C:\Program Files (x86)\Microsoft VS Code\bin;D:\Program Files\Docker Toolbox;C:\Program Files\Git\cmd;D:\MongoDB\Server\3.2\bin\;C:\Users\B1ts\AppData\Local\.meteor\;C:\Users\B1ts\AppData\Roaming\npm
10 verbose lifecycle v24@0.0.0~start: CWD: C:\Users\B1ts\Desktop\dizainoKonkursuIS\v1upgradeTest
11 silly lifecycle v24@0.0.0~start: Args: [ '/d /s /c', 'node ./bin/www' ]
12 silly lifecycle v24@0.0.0~start: Returned: code: 1  signal: null
13 info lifecycle v24@0.0.0~start: Failed to exec start script
14 verbose stack Error: v24@0.0.0 start: `node ./bin/www`
14 verbose stack Exit status 1
14 verbose stack     at EventEmitter.<anonymous> (C:\Program Files\nodejs\node_modules\npm\lib\utils\lifecycle.js:239:16)
14 verbose stack     at emitTwo (events.js:106:13)
14 verbose stack     at EventEmitter.emit (events.js:191:7)
14 verbose stack     at ChildProcess.<anonymous> (C:\Program Files\nodejs\node_modules\npm\lib\utils\spawn.js:24:14)
14 verbose stack     at emitTwo (events.js:106:13)
14 verbose stack     at ChildProcess.emit (events.js:191:7)
14 verbose stack     at maybeClose (internal/child_process.js:850:16)
14 verbose stack     at Process.ChildProcess._handle.onexit (internal/child_process.js:215:5)
15 verbose pkgid v24@0.0.0
16 verbose cwd C:\Users\B1ts\Desktop\dizainoKonkursuIS\v1upgradeTest
17 error Windows_NT 10.0.10586
18 error argv "C:\\Program Files\\nodejs\\node.exe" "C:\\Program Files\\nodejs\\node_modules\\npm\\bin\\npm-cli.js" "start"
19 error node v6.0.0
20 error npm  v3.8.6
21 error code ELIFECYCLE
22 error v24@0.0.0 start: `node ./bin/www`
22 error Exit status 1
23 error Failed at the v24@0.0.0 start script 'node ./bin/www'.
23 error Make sure you have the latest version of node.js and npm installed.
23 error If you do, this is most likely a problem with the v24 package,
23 error not with npm itself.
23 error Tell the author that this fails on your system:
23 error     node ./bin/www
23 error You can get information on how to open an issue for this project with:
23 error     npm bugs v24
23 error Or if that isn't available, you can get their info via:
23 error     npm owner ls v24
23 error There is likely additional logging output above.
24 verbose exit [ 1, true ]
